# JRE version: OpenJDK Runtime Environment (21.0.5) (build 21.0.5+-13047016-b750.29)
# Java VM: OpenJDK 64-Bit Server VM (21.0.5+-13047016-b750.29, mixed mode, tiered, compressed oops, compressed class ptrs, g1 gc, windows-amd64)
GC Precious Log:
 CardTable entry size: 512
 Card Set container configuration: InlinePtr #cards 5 size 8 Array Of Cards #cards 12 size 40 Howl #buckets 4 coarsen threshold 1843 Howl Bitmap #cards 512 size 80 coarsen threshold 460 Card regions per heap region 1 cards per card region 2048
 CPUs: 12 total, 12 available
 Memory: 6005M
 Large Page Support: Disabled
 NUMA Support: Disabled
 Compressed Oops: Enabled (32-bit)
 Heap Region Size: 1M
 Heap Min Capacity: 8M
 Heap Initial Capacity: 94M
 Heap Max Capacity: 2G
 Pre-touch: Disabled
 Parallel Workers: 10
 Concurrent Workers: 3
 Concurrent Refinement Workers: 10
 Periodic GC: Disabled
Heap:
 garbage-first heap   total 119808K, used 101135K [0x0000000080000000, 0x0000000100000000)
  region size 1024K, 33 young (33792K), 2 survivors (2048K)
 Metaspace       used 73483K, committed 75200K, reserved 1114112K
  class space    used 9861K, committed 10752K, reserved 1048576K
GC Heap History (20 events):
Event: 47.256 GC heap before
{Heap before GC invocations=15 (full 0):
 garbage-first heap   total 82944K, used 74366K [0x0000000080000000, 0x0000000100000000)
  region size 1024K, 38 young (38912K), 3 survivors (3072K)
 Metaspace       used 63641K, committed 65280K, reserved 1114112K
  class space    used 8726K, committed 9536K, reserved 1048576K
}
Event: 47.262 GC heap after
{Heap after GC invocations=16 (full 0):
 garbage-first heap   total 82944K, used 40989K [0x0000000080000000, 0x0000000100000000)
  region size 1024K, 4 young (4096K), 4 survivors (4096K)
 Metaspace       used 63641K, committed 65280K, reserved 1114112K
  class space    used 8726K, committed 9536K, reserved 1048576K
}
Event: 48.771 GC heap before
{Heap before GC invocations=16 (full 0):
 garbage-first heap   total 82944K, used 71709K [0x0000000080000000, 0x0000000100000000)
  region size 1024K, 35 young (35840K), 4 survivors (4096K)
 Metaspace       used 65831K, committed 67456K, reserved 1114112K
  class space    used 8996K, committed 9792K, reserved 1048576K
}
Event: 48.781 GC heap after
{Heap after GC invocations=17 (full 0):
 garbage-first heap   total 82944K, used 43674K [0x0000000080000000, 0x0000000100000000)
  region size 1024K, 5 young (5120K), 5 survivors (5120K)
 Metaspace       used 65831K, committed 67456K, reserved 1114112K
  class space    used 8996K, committed 9792K, reserved 1048576K
}
Event: 49.477 GC heap before
{Heap before GC invocations=17 (full 0):
 garbage-first heap   total 82944K, used 71322K [0x0000000080000000, 0x0000000100000000)
  region size 1024K, 33 young (33792K), 5 survivors (5120K)
 Metaspace       used 66439K, committed 68032K, reserved 1114112K
  class space    used 9061K, committed 9856K, reserved 1048576K
}
Event: 49.485 GC heap after
{Heap after GC invocations=18 (full 0):
 garbage-first heap   total 82944K, used 47793K [0x0000000080000000, 0x0000000100000000)
  region size 1024K, 4 young (4096K), 4 survivors (4096K)
 Metaspace       used 66439K, committed 68032K, reserved 1114112K
  class space    used 9061K, committed 9856K, reserved 1048576K
}
Event: 50.176 GC heap before
{Heap before GC invocations=19 (full 0):
 garbage-first heap   total 82944K, used 71345K [0x0000000080000000, 0x0000000100000000)
  region size 1024K, 28 young (28672K), 4 survivors (4096K)
 Metaspace       used 66581K, committed 68224K, reserved 1114112K
  class space    used 9061K, committed 9856K, reserved 1048576K
}
Event: 50.181 GC heap after
{Heap after GC invocations=20 (full 0):
 garbage-first heap   total 82944K, used 48715K [0x0000000080000000, 0x0000000100000000)
  region size 1024K, 3 young (3072K), 3 survivors (3072K)
 Metaspace       used 66581K, committed 68224K, reserved 1114112K
  class space    used 9061K, committed 9856K, reserved 1048576K
}
Event: 50.718 GC heap before
{Heap before GC invocations=20 (full 0):
 garbage-first heap   total 82944K, used 73291K [0x0000000080000000, 0x0000000100000000)
  region size 1024K, 28 young (28672K), 3 survivors (3072K)
 Metaspace       used 66721K, committed 68352K, reserved 1114112K
  class space    used 9061K, committed 9856K, reserved 1048576K
}
Event: 50.726 GC heap after
{Heap after GC invocations=21 (full 0):
 garbage-first heap   total 82944K, used 48851K [0x0000000080000000, 0x0000000100000000)
  region size 1024K, 3 young (3072K), 3 survivors (3072K)
 Metaspace       used 66721K, committed 68352K, reserved 1114112K
  class space    used 9061K, committed 9856K, reserved 1048576K
}
Event: 51.502 GC heap before
{Heap before GC invocations=21 (full 0):
 garbage-first heap   total 82944K, used 73427K [0x0000000080000000, 0x0000000100000000)
  region size 1024K, 28 young (28672K), 3 survivors (3072K)
 Metaspace       used 66741K, committed 68352K, reserved 1114112K
  class space    used 9061K, committed 9856K, reserved 1048576K
}
Event: 51.507 GC heap after
{Heap after GC invocations=22 (full 0):
 garbage-first heap   total 82944K, used 49984K [0x0000000080000000, 0x0000000100000000)
  region size 1024K, 3 young (3072K), 3 survivors (3072K)
 Metaspace       used 66741K, committed 68352K, reserved 1114112K
  class space    used 9061K, committed 9856K, reserved 1048576K
}
Event: 51.850 GC heap before
{Heap before GC invocations=23 (full 0):
 garbage-first heap   total 86016K, used 72512K [0x0000000080000000, 0x0000000100000000)
  region size 1024K, 26 young (26624K), 3 survivors (3072K)
 Metaspace       used 66990K, committed 68608K, reserved 1114112K
  class space    used 9096K, committed 9920K, reserved 1048576K
}
Event: 51.854 GC heap after
{Heap after GC invocations=24 (full 0):
 garbage-first heap   total 86016K, used 51574K [0x0000000080000000, 0x0000000100000000)
  region size 1024K, 3 young (3072K), 3 survivors (3072K)
 Metaspace       used 66990K, committed 68608K, reserved 1114112K
  class space    used 9096K, committed 9920K, reserved 1048576K
}
Event: 79.305 GC heap before
{Heap before GC invocations=24 (full 0):
 garbage-first heap   total 86016K, used 84342K [0x0000000080000000, 0x0000000100000000)
  region size 1024K, 23 young (23552K), 3 survivors (3072K)
 Metaspace       used 68018K, committed 69760K, reserved 1114112K
  class space    used 9255K, committed 10112K, reserved 1048576K
}
Event: 79.315 GC heap after
{Heap after GC invocations=25 (full 0):
 garbage-first heap   total 96256K, used 68655K [0x0000000080000000, 0x0000000100000000)
  region size 1024K, 4 young (4096K), 4 survivors (4096K)
 Metaspace       used 68018K, committed 69760K, reserved 1114112K
  class space    used 9255K, committed 10112K, reserved 1048576K
}
Event: 79.471 GC heap before
{Heap before GC invocations=25 (full 0):
 garbage-first heap   total 96256K, used 74799K [0x0000000080000000, 0x0000000100000000)
  region size 1024K, 12 young (12288K), 4 survivors (4096K)
 Metaspace       used 68567K, committed 70336K, reserved 1114112K
  class space    used 9307K, committed 10176K, reserved 1048576K
}
Event: 79.474 GC heap after
{Heap after GC invocations=26 (full 0):
 garbage-first heap   total 96256K, used 69858K [0x0000000080000000, 0x0000000100000000)
  region size 1024K, 1 young (1024K), 1 survivors (1024K)
 Metaspace       used 68567K, committed 70336K, reserved 1114112K
  class space    used 9307K, committed 10176K, reserved 1048576K
}
Event: 80.112 GC heap before
{Heap before GC invocations=27 (full 0):
 garbage-first heap   total 119808K, used 87266K [0x0000000080000000, 0x0000000100000000)
  region size 1024K, 18 young (18432K), 1 survivors (1024K)
 Metaspace       used 69998K, committed 71744K, reserved 1114112K
  class space    used 9498K, committed 10368K, reserved 1048576K
}
Event: 80.115 GC heap after
{Heap after GC invocations=28 (full 0):
 garbage-first heap   total 119808K, used 71439K [0x0000000080000000, 0x0000000100000000)
  region size 1024K, 2 young (2048K), 2 survivors (2048K)
 Metaspace       used 69998K, committed 71744K, reserved 1114112K
  class space    used 9498K, committed 10368K, reserved 1048576K
}

